#
# There is insufficient memory for the Java Runtime Environment to continue.
# Native memory allocation (malloc) failed to allocate 1048576 bytes for AllocateHeap
# Possible reasons:
#   The system is out of physical RAM or swap space
#   In 32 bit mode, the process size limit was hit
# Possible solutions:
#   Reduce memory load on the system
#   Increase physical memory or swap space
#   Check if swap backing store is full
#   Use 64 bit Java on a 64 bit OS
#   Decrease Java heap size (-Xmx/-Xms)
#   Decrease number of Java threads
#   Decrease Java thread stack sizes (-Xss)
#   Set larger code cache with -XX:ReservedCodeCacheSize=
# This output file may be truncated or incomplete.
#
#  Out of Memory Error (memory/allocation.inline.hpp:62), pid=7164, tid=11516
#
# JRE version:  (8.0_31-b13) (build )
# Java VM: Java HotSpot(TM) 64-Bit Server VM (25.31-b07 mixed mode windows-amd64 compressed oops)
# Failed to write core dump. Minidumps are not enabled by default on client versions of Windows
#

---------------  T H R E A D  ---------------

Current thread (0x0000000002630800):  JavaThread "Unknown thread" [_thread_in_vm, id=11516, stack(0x0000000002530000,0x0000000002630000)]

Stack: [0x0000000002530000,0x0000000002630000]
Native frames: (J=compiled Java code, j=interpreted, Vv=VM code, C=native code)
V  [jvm.dll+0x3169ba]


---------------  P R O C E S S  ---------------

Java Threads: ( => current thread )

Other Threads:

=>0x0000000002630800 (exited) JavaThread "Unknown thread" [_thread_in_vm, id=11516, stack(0x0000000002530000,0x0000000002630000)]

VM state:not at safepoint (normal execution)

VM Mutex/Monitor currently owned by a thread: None

Heap:
 PSYoungGen      total 38400K, used 665K [0x00000000d5f80000, 0x00000000d8a00000, 0x0000000100000000)
  eden space 33280K, 2% used [0x00000000d5f80000,0x00000000d6026670,0x00000000d8000000)
  from space 5120K, 0% used [0x00000000d8500000,0x00000000d8500000,0x00000000d8a00000)
  to   space 5120K, 0% used [0x00000000d8000000,0x00000000d8000000,0x00000000d8500000)
 ParOldGen       total 87552K, used 0K [0x0000000081e00000, 0x0000000087380000, 0x00000000d5f80000)
  object space 87552K, 0% used [0x0000000081e00000,0x0000000081e00000,0x0000000087380000)
 Metaspace       used 657K, capacity 4480K, committed 4480K, reserved 1056768K
  class space    used 67K, capacity 384K, committed 384K, reserved 1048576K

Card table byte_map: [0x0000000011af0000,0x0000000011ef0000] byte_map_base: 0x00000000116e1000

Marking Bits: (ParMarkBitMap*) 0x00000000514ed4f0
 Begin Bits: [0x00000000125a0000, 0x0000000014528000)
 End Bits:   [0x0000000014528000, 0x00000000164b0000)

Polling page: 0x0000000000d60000

CodeCache: size=245760Kb used=327Kb max_used=327Kb free=245432Kb
 bounds [0x0000000002730000, 0x00000000029a0000, 0x0000000011730000]
 total_blobs=56 nmethods=0 adapters=37
 compilation: enabled

Compilation events (0 events):
No events

GC Heap History (0 events):
No events

Deoptimization events (0 events):
No events

Internal exceptions (0 events):
No events

Events (10 events):
Event: 0.017 loading class java/lang/Short
Event: 0.017 loading class java/lang/Short done
Event: 0.017 loading class java/lang/Integer
Event: 0.017 loading class java/lang/Integer done
Event: 0.017 loading class java/lang/Long
Event: 0.017 loading class java/lang/Long done
Event: 0.018 loading class java/lang/NullPointerException
Event: 0.018 loading class java/lang/NullPointerException done
Event: 0.018 loading class java/lang/ArithmeticException
Event: 0.018 loading class java/lang/ArithmeticException done


Dynamic libraries:
0x00007ff73fb70000 - 0x00007ff73fba4000 	C:\Program Files\Java\jre1.8.0_31\bin\java.exe
0x00007ff99f570000 - 0x00007ff99f71c000 	C:\WINDOWS\SYSTEM32\ntdll.dll
0x00007ff99d480000 - 0x00007ff99d5be000 	C:\WINDOWS\system32\KERNEL32.DLL
0x00007ff99c7e0000 - 0x00007ff99c8f5000 	C:\WINDOWS\system32\KERNELBASE.dll
0x00007ff99b260000 - 0x00007ff99b2ee000 	C:\WINDOWS\system32\apphelp.dll
0x00007ff98d9b0000 - 0x00007ff98da03000 	C:\WINDOWS\AppPatch\AppPatch64\AcGenral.DLL
0x00007ff99d5d0000 - 0x00007ff99d67a000 	C:\WINDOWS\system32\msvcrt.dll
0x00007ff99c560000 - 0x00007ff99c58e000 	C:\WINDOWS\SYSTEM32\SspiCli.dll
0x00007ff99cbf0000 - 0x00007ff99cc44000 	C:\WINDOWS\system32\SHLWAPI.dll
0x00007ff99d2a0000 - 0x00007ff99d417000 	C:\WINDOWS\system32\USER32.dll
0x00007ff99d680000 - 0x00007ff99d814000 	C:\WINDOWS\system32\ole32.dll
0x00007ff99dca0000 - 0x00007ff99f1b8000 	C:\WINDOWS\system32\SHELL32.dll
0x00007ff99bce0000 - 0x00007ff99bd01000 	C:\WINDOWS\SYSTEM32\USERENV.dll
0x00007ff99d880000 - 0x00007ff99d92a000 	C:\WINDOWS\system32\ADVAPI32.dll
0x00007ff999310000 - 0x00007ff99932e000 	C:\WINDOWS\SYSTEM32\MPR.dll
0x00007ff99d930000 - 0x00007ff99da71000 	C:\WINDOWS\system32\RPCRT4.dll
0x00007ff99d820000 - 0x00007ff99d879000 	C:\WINDOWS\SYSTEM32\sechost.dll
0x00007ff99d020000 - 0x00007ff99d231000 	C:\WINDOWS\SYSTEM32\combase.dll
0x00007ff99db40000 - 0x00007ff99dc91000 	C:\WINDOWS\system32\GDI32.dll
0x00007ff99c6c0000 - 0x00007ff99c6d5000 	C:\WINDOWS\SYSTEM32\profapi.dll
0x00007ff99a7f0000 - 0x00007ff99a8a2000 	C:\WINDOWS\SYSTEM32\SHCORE.dll
0x00007ff99d240000 - 0x00007ff99d276000 	C:\WINDOWS\system32\IMM32.DLL
0x00007ff99cc50000 - 0x00007ff99cda2000 	C:\WINDOWS\system32\MSCTF.dll
0x00007ff9880e0000 - 0x00007ff98835b000 	C:\WINDOWS\WinSxS\amd64_microsoft.windows.common-controls_6595b64144ccf1df_6.0.9600.17784_none_624760d1ecb7236e\COMCTL32.dll
0x0000000051570000 - 0x0000000051642000 	C:\Program Files\Java\jre1.8.0_31\bin\msvcr100.dll
0x0000000050d10000 - 0x000000005156a000 	C:\Program Files\Java\jre1.8.0_31\bin\server\jvm.dll
0x00007ff998620000 - 0x00007ff998629000 	C:\WINDOWS\SYSTEM32\WSOCK32.dll
0x00007ff987b60000 - 0x00007ff987b82000 	C:\WINDOWS\SYSTEM32\WINMM.dll
0x00007ff99cdb0000 - 0x00007ff99cdb7000 	C:\WINDOWS\system32\PSAPI.DLL
0x00007ff99cf50000 - 0x00007ff99cfaa000 	C:\WINDOWS\system32\WS2_32.dll
0x00007ff9877c0000 - 0x00007ff9877ea000 	C:\WINDOWS\SYSTEM32\WINMMBASE.dll
0x00007ff99f560000 - 0x00007ff99f569000 	C:\WINDOWS\system32\NSI.dll
0x00007ff99c790000 - 0x00007ff99c7df000 	C:\WINDOWS\SYSTEM32\cfgmgr32.dll
0x00007ff99b4b0000 - 0x00007ff99b4d8000 	C:\WINDOWS\SYSTEM32\DEVOBJ.dll
0x0000000052f50000 - 0x0000000052f5f000 	C:\Program Files\Java\jre1.8.0_31\bin\verify.dll
0x0000000052e20000 - 0x0000000052e48000 	C:\Program Files\Java\jre1.8.0_31\bin\java.dll
0x0000000052f30000 - 0x0000000052f46000 	C:\Program Files\Java\jre1.8.0_31\bin\zip.dll
0x00007ff9997a0000 - 0x00007ff99992a000 	C:\WINDOWS\SYSTEM32\dbghelp.dll

VM Arguments:
java_command: <unknown>
java_class_path (initial): .
Launcher Type: SUN_STANDARD

Environment Variables:
JAVA_HOME=C:\Program Files\Java\jdk1.7.0_40
PATH=C:\ProgramData\Oracle\Java\javapath;C:\Program Files (x86)\Intel\iCLS Client\;C:\Program Files\Intel\iCLS Client\;C:\WINDOWS\system32;C:\WINDOWS;C:\WINDOWS\System32\Wbem;C:\WINDOWS\System32\WindowsPowerShell\v1.0\;C:\Program Files\Intel\Intel(R) Management Engine Components\DAL;C:\Program Files\Intel\Intel(R) Management Engine Components\IPT;C:\Program Files (x86)\Intel\Intel(R) Management Engine Components\DAL;C:\Program Files (x86)\Intel\Intel(R) Management Engine Components\IPT;C:\Program Files (x86)\Intel\OpenCL SDK\2.0\bin\x86;C:\Program Files (x86)\Intel\OpenCL SDK\2.0\bin\x64;C:\Program Files\TortoiseSVN\bin;C:\Program Files (x86)\GTK2-Runtime\bin;C:\Program Files\MATLAB\R2014a\runtime\win64;C:\Program Files\MATLAB\R2014a\bin;C:\Program Files\Common Files\Autodesk Shared\;C:\Program Files (x86)\Google\Google Apps Sync\;C:\gradle-2.2.1\bin;C:\Program Files (x86)\Git\cmd
USERNAME=erra
OS=Windows_NT
PROCESSOR_IDENTIFIER=Intel64 Family 6 Model 58 Stepping 9, GenuineIntel



---------------  S Y S T E M  ---------------

OS: Windows 8.1 , 64 bit Build 9600 

CPU:total 4 (2 cores per cpu, 2 threads per core) family 6 model 58 stepping 9, cmov, cx8, fxsr, mmx, sse, sse2, sse3, ssse3, sse4.1, sse4.2, popcnt, avx, aes, clmul, erms, ht, tsc, tscinvbit, tscinv

Memory: 4k page, physical 8264984k(1067124k free), swap 11410712k(5120k free)

vm_info: Java HotSpot(TM) 64-Bit Server VM (25.31-b07) for windows-amd64 JRE (1.8.0_31-b13), built on Dec 17 2014 21:00:28 by "java_re" with MS VC++ 10.0 (VS2010)

time: Fri May 15 00:08:10 2015
elapsed time: 0 seconds (0d 0h 0m 0s)

