#
# There is insufficient memory for the Java Runtime Environment to continue.
# Native memory allocation (malloc) failed to allocate 1684496 bytes for Chunk::new
# Possible reasons:
#   The system is out of physical RAM or swap space
#   In 32 bit mode, the process size limit was hit
# Possible solutions:
#   Reduce memory load on the system
#   Increase physical memory or swap space
#   Check if swap backing store is full
#   Use 64 bit Java on a 64 bit OS
#   Decrease Java heap size (-Xmx/-Xms)
#   Decrease number of Java threads
#   Decrease Java thread stack sizes (-Xss)
#   Set larger code cache with -XX:ReservedCodeCacheSize=
# This output file may be truncated or incomplete.
#
#  Out of Memory Error (allocation.cpp:390), pid=11700, tid=11684
#
# JRE version: Java(TM) SE Runtime Environment (8.0_31-b13) (build 1.8.0_31-b13)
# Java VM: Java HotSpot(TM) 64-Bit Server VM (25.31-b07 mixed mode windows-amd64 compressed oops)
# Failed to write core dump. Minidumps are not enabled by default on client versions of Windows
#

---------------  T H R E A D  ---------------

Current thread (0x0000000014d16000):  JavaThread "C2 CompilerThread1" daemon [_thread_in_native, id=11684, stack(0x0000000016380000,0x0000000016480000)]

Stack: [0x0000000016380000,0x0000000016480000]
Native frames: (J=compiled Java code, j=interpreted, Vv=VM code, C=native code)
V  [jvm.dll+0x3169ba]
V  [jvm.dll+0x2674c3]
V  [jvm.dll+0x268103]
V  [jvm.dll+0x25f8f5]
V  [jvm.dll+0xbf025]
V  [jvm.dll+0xbf4cc]
V  [jvm.dll+0x45df82]
V  [jvm.dll+0x49f21f]
V  [jvm.dll+0x453401]
V  [jvm.dll+0x454124]
V  [jvm.dll+0x437c62]
V  [jvm.dll+0x988e2]
V  [jvm.dll+0x990d3]
V  [jvm.dll+0x22c194]
V  [jvm.dll+0x28576a]
C  [msvcr100.dll+0x21d9f]
C  [msvcr100.dll+0x21e3b]
C  [KERNEL32.DLL+0x13d2]
C  [ntdll.dll+0x15444]


Current CompileTask:
C2:   1015  954   !   4       com.android.dx.cf.code.BytecodeArray::parseInstruction (2764 bytes)


---------------  P R O C E S S  ---------------

Java Threads: ( => current thread )
  0x0000000014d69000 JavaThread "Service Thread" daemon [_thread_blocked, id=12716, stack(0x0000000016980000,0x0000000016a80000)]
  0x0000000014d17000 JavaThread "C1 CompilerThread2" daemon [_thread_blocked, id=12504, stack(0x0000000016480000,0x0000000016580000)]
=>0x0000000014d16000 JavaThread "C2 CompilerThread1" daemon [_thread_in_native, id=11684, stack(0x0000000016380000,0x0000000016480000)]
  0x0000000014d0e800 JavaThread "C2 CompilerThread0" daemon [_thread_in_native, id=13024, stack(0x0000000016280000,0x0000000016380000)]
  0x0000000014d0c800 JavaThread "Attach Listener" daemon [_thread_blocked, id=10152, stack(0x0000000016180000,0x0000000016280000)]
  0x0000000002639800 JavaThread "Signal Dispatcher" daemon [_thread_blocked, id=12792, stack(0x0000000016080000,0x0000000016180000)]
  0x0000000002635000 JavaThread "Finalizer" daemon [_thread_blocked, id=11472, stack(0x0000000015f80000,0x0000000016080000)]
  0x000000000262c800 JavaThread "Reference Handler" daemon [_thread_blocked, id=9376, stack(0x0000000015e80000,0x0000000015f80000)]
  0x0000000000b4e000 JavaThread "main" [_thread_in_Java, id=12900, stack(0x0000000002440000,0x0000000002540000)]

Other Threads:
  0x0000000014cd6800 VMThread [stack: 0x0000000015d80000,0x0000000015e80000] [id=10452]
  0x0000000014d6e800 WatcherThread [stack: 0x0000000016a80000,0x0000000016b80000] [id=5040]

VM state:not at safepoint (normal execution)

VM Mutex/Monitor currently owned by a thread: None

Heap:
 PSYoungGen      total 38400K, used 30027K [0x00000000eab00000, 0x00000000ed580000, 0x0000000100000000)
  eden space 33280K, 90% used [0x00000000eab00000,0x00000000ec852f58,0x00000000ecb80000)
  from space 5120K, 0% used [0x00000000ed080000,0x00000000ed080000,0x00000000ed580000)
  to   space 5120K, 0% used [0x00000000ecb80000,0x00000000ecb80000,0x00000000ed080000)
 ParOldGen       total 87552K, used 0K [0x00000000c0000000, 0x00000000c5580000, 0x00000000eab00000)
  object space 87552K, 0% used [0x00000000c0000000,0x00000000c0000000,0x00000000c5580000)
 Metaspace       used 4986K, capacity 6480K, committed 6784K, reserved 1056768K
  class space    used 504K, capacity 584K, committed 640K, reserved 1048576K

Card table byte_map: [0x0000000011a00000,0x0000000011c10000] byte_map_base: 0x0000000011400000

Marking Bits: (ParMarkBitMap*) 0x00000000514ed4f0
 Begin Bits: [0x0000000012170000, 0x0000000013170000)
 End Bits:   [0x0000000013170000, 0x0000000014170000)

Polling page: 0x0000000000b30000

CodeCache: size=245760Kb used=4177Kb max_used=4177Kb free=241582Kb
 bounds [0x0000000002640000, 0x0000000002a60000, 0x0000000011640000]
 total_blobs=1265 nmethods=1007 adapters=172
 compilation: enabled

Compilation events (10 events):
Event: 0.972 Thread 0x0000000014d17000 1010       2       com.android.dx.dex.file.CodeItem::addContents (174 bytes)
Event: 0.973 Thread 0x0000000014d17000 nmethod 1010 0x0000000002a54810 code [0x0000000002a54a60, 0x0000000002a551a8]
Event: 0.975 Thread 0x0000000014d17000 1011       2       java.util.HashMap$HashIterator::<init> (79 bytes)
Event: 0.975 Thread 0x0000000014d17000 nmethod 1011 0x0000000002a55950 code [0x0000000002a55ac0, 0x0000000002a55d30]
Event: 0.979 Thread 0x0000000014d17000 1012       2       java.util.HashSet::<init> (17 bytes)
Event: 0.979 Thread 0x0000000014d17000 nmethod 1012 0x0000000002a55e50 code [0x0000000002a55fe0, 0x0000000002a561e8]
Event: 0.980 Thread 0x0000000014d17000 1013       2       java.util.HashMap::keySet (27 bytes)
Event: 0.981 Thread 0x0000000014d17000 nmethod 1013 0x0000000002a562d0 code [0x0000000002a56420, 0x0000000002a56610]
Event: 0.981 Thread 0x0000000014d17000 1014       2       java.util.HashMap$KeySet::iterator (12 bytes)
Event: 0.981 Thread 0x0000000014d17000 nmethod 1014 0x0000000002a56690 code [0x0000000002a56800, 0x0000000002a569e8]

GC Heap History (0 events):
No events

Deoptimization events (10 events):
Event: 0.810 Thread 0x0000000000b4e000 Uncommon trap: reason=class_check action=maybe_recompile pc=0x00000000028fa424 method=java.util.Arrays.hashCode([Ljava/lang/Object;)I @ 43
Event: 0.810 Thread 0x0000000000b4e000 Uncommon trap: reason=class_check action=maybe_recompile pc=0x00000000028fa424 method=java.util.Arrays.hashCode([Ljava/lang/Object;)I @ 43
Event: 0.812 Thread 0x0000000000b4e000 Uncommon trap: reason=class_check action=maybe_recompile pc=0x00000000028fa424 method=java.util.Arrays.hashCode([Ljava/lang/Object;)I @ 43
Event: 0.812 Thread 0x0000000000b4e000 Uncommon trap: reason=class_check action=maybe_recompile pc=0x00000000028fa424 method=java.util.Arrays.hashCode([Ljava/lang/Object;)I @ 43
Event: 0.812 Thread 0x0000000000b4e000 Uncommon trap: reason=class_check action=maybe_recompile pc=0x00000000028f9ac8 method=java.util.Arrays.hashCode([Ljava/lang/Object;)I @ 43
Event: 0.864 Thread 0x0000000000b4e000 Uncommon trap: reason=bimorphic action=maybe_recompile pc=0x00000000028a9be4 method=java.util.HashMap.getNode(ILjava/lang/Object;)Ljava/util/HashMap$Node; @ 126
Event: 0.864 Thread 0x0000000000b4e000 Uncommon trap: reason=bimorphic action=maybe_recompile pc=0x00000000028a9be4 method=java.util.HashMap.getNode(ILjava/lang/Object;)Ljava/util/HashMap$Node; @ 126
Event: 0.864 Thread 0x0000000000b4e000 Uncommon trap: reason=bimorphic action=maybe_recompile pc=0x00000000028a9be4 method=java.util.HashMap.getNode(ILjava/lang/Object;)Ljava/util/HashMap$Node; @ 126
Event: 0.864 Thread 0x0000000000b4e000 Uncommon trap: reason=bimorphic action=maybe_recompile pc=0x00000000028a9be4 method=java.util.HashMap.getNode(ILjava/lang/Object;)Ljava/util/HashMap$Node; @ 126
Event: 0.865 Thread 0x0000000000b4e000 Uncommon trap: reason=bimorphic action=maybe_recompile pc=0x000000000286bbdc method=java.util.HashMap.getNode(ILjava/lang/Object;)Ljava/util/HashMap$Node; @ 126

Internal exceptions (2 events):
Event: 0.027 Thread 0x0000000000b4e000 Exception <a 'java/lang/NoSuchMethodError': Method sun.misc.Unsafe.defineClass(Ljava/lang/String;[BII)Ljava/lang/Class; name or signature does not match> (0x00000000eab0caa0) thrown at [C:\workspace\8-2-build-windows-amd64-cygwin\jdk8u31\2394\hotspot\src\stŒyh¿›?
Event: 0.027 Thread 0x0000000000b4e000 Exception <a 'java/lang/NoSuchMethodError': Method sun.misc.Unsafe.prefetchRead(Ljava/lang/Object;J)V name or signature does not match> (0x00000000eab0cd30) thrown at [C:\workspace\8-2-build-windows-amd64-cygwin\jdk8u31\2394\hotspot\src\share\vm\prims\jni.

Events (10 events):
Event: 0.864 Thread 0x0000000000b4e000 DEOPT UNPACKING pc=0x000000000268556a sp=0x000000000253f198 mode 2
Event: 0.865 Thread 0x0000000000b4e000 Uncommon trap: trap_request=0xffffffc6 fr.pc=0x000000000286bbdc
Event: 0.865 Thread 0x0000000000b4e000 DEOPT PACKING pc=0x000000000286bbdc sp=0x000000000253f210
Event: 0.865 Thread 0x0000000000b4e000 DEOPT UNPACKING pc=0x000000000268556a sp=0x000000000253f198 mode 2
Event: 0.865 loading class java/util/HashMap$KeySet
Event: 0.865 loading class java/util/HashMap$KeySet done
Event: 0.865 loading class java/util/HashMap$KeyIterator
Event: 0.866 loading class java/util/HashMap$KeyIterator done
Event: 0.932 loading class com/android/dx/dex/file/CatchStructs
Event: 0.932 loading class com/android/dx/dex/file/CatchStructs done


Dynamic libraries:
0x00007ff73fb70000 - 0x00007ff73fba4000 	C:\PROGRA~3\Oracle\Java\javapath\java.exe
0x00007ff99f570000 - 0x00007ff99f71c000 	C:\WINDOWS\SYSTEM32\ntdll.dll
0x00007ff99d480000 - 0x00007ff99d5be000 	C:\WINDOWS\system32\KERNEL32.DLL
0x00007ff99c7e0000 - 0x00007ff99c8f5000 	C:\WINDOWS\system32\KERNELBASE.dll
0x00007ff99b260000 - 0x00007ff99b2ee000 	C:\WINDOWS\system32\apphelp.dll
0x00007ff98d9b0000 - 0x00007ff98da03000 	C:\WINDOWS\AppPatch\AppPatch64\AcGenral.DLL
0x00007ff99d5d0000 - 0x00007ff99d67a000 	C:\WINDOWS\system32\msvcrt.dll
0x00007ff99c560000 - 0x00007ff99c58e000 	C:\WINDOWS\SYSTEM32\SspiCli.dll
0x00007ff99cbf0000 - 0x00007ff99cc44000 	C:\WINDOWS\system32\SHLWAPI.dll
0x00007ff99d2a0000 - 0x00007ff99d417000 	C:\WINDOWS\system32\USER32.dll
0x00007ff99d680000 - 0x00007ff99d814000 	C:\WINDOWS\system32\ole32.dll
0x00007ff99dca0000 - 0x00007ff99f1b8000 	C:\WINDOWS\system32\SHELL32.dll
0x00007ff99bce0000 - 0x00007ff99bd01000 	C:\WINDOWS\SYSTEM32\USERENV.dll
0x00007ff99d880000 - 0x00007ff99d92a000 	C:\WINDOWS\system32\ADVAPI32.dll
0x00007ff999310000 - 0x00007ff99932e000 	C:\WINDOWS\SYSTEM32\MPR.dll
0x00007ff99d930000 - 0x00007ff99da71000 	C:\WINDOWS\system32\RPCRT4.dll
0x00007ff99d820000 - 0x00007ff99d879000 	C:\WINDOWS\SYSTEM32\sechost.dll
0x00007ff99d020000 - 0x00007ff99d231000 	C:\WINDOWS\SYSTEM32\combase.dll
0x00007ff99db40000 - 0x00007ff99dc91000 	C:\WINDOWS\system32\GDI32.dll
0x00007ff99c6c0000 - 0x00007ff99c6d5000 	C:\WINDOWS\SYSTEM32\profapi.dll
0x00007ff99a7f0000 - 0x00007ff99a8a2000 	C:\WINDOWS\SYSTEM32\SHCORE.dll
0x00007ff99d240000 - 0x00007ff99d276000 	C:\WINDOWS\system32\IMM32.DLL
0x00007ff99cc50000 - 0x00007ff99cda2000 	C:\WINDOWS\system32\MSCTF.dll
0x00007ff9880e0000 - 0x00007ff98835b000 	C:\WINDOWS\WinSxS\amd64_microsoft.windows.common-controls_6595b64144ccf1df_6.0.9600.17784_none_624760d1ecb7236e\COMCTL32.dll
0x0000000051570000 - 0x0000000051642000 	C:\Program Files\Java\jre1.8.0_31\bin\msvcr100.dll
0x0000000050d10000 - 0x000000005156a000 	C:\Program Files\Java\jre1.8.0_31\bin\server\jvm.dll
0x00007ff998620000 - 0x00007ff998629000 	C:\WINDOWS\SYSTEM32\WSOCK32.dll
0x00007ff987b60000 - 0x00007ff987b82000 	C:\WINDOWS\SYSTEM32\WINMM.dll
0x00007ff99cdb0000 - 0x00007ff99cdb7000 	C:\WINDOWS\system32\PSAPI.DLL
0x00007ff99cf50000 - 0x00007ff99cfaa000 	C:\WINDOWS\system32\WS2_32.dll
0x00007ff9877c0000 - 0x00007ff9877ea000 	C:\WINDOWS\SYSTEM32\WINMMBASE.dll
0x00007ff99f560000 - 0x00007ff99f569000 	C:\WINDOWS\system32\NSI.dll
0x00007ff99c790000 - 0x00007ff99c7df000 	C:\WINDOWS\SYSTEM32\cfgmgr32.dll
0x00007ff99b4b0000 - 0x00007ff99b4d8000 	C:\WINDOWS\SYSTEM32\DEVOBJ.dll
0x0000000052f50000 - 0x0000000052f5f000 	C:\Program Files\Java\jre1.8.0_31\bin\verify.dll
0x0000000052e20000 - 0x0000000052e48000 	C:\Program Files\Java\jre1.8.0_31\bin\java.dll
0x0000000052f30000 - 0x0000000052f46000 	C:\Program Files\Java\jre1.8.0_31\bin\zip.dll
0x00007ff9997a0000 - 0x00007ff99992a000 	C:\WINDOWS\SYSTEM32\dbghelp.dll

VM Arguments:
jvm_args: -Xmx1024M -Xss1m -Djava.ext.dirs=C:\Users\erra\AppData\Local\Android\sdk\build-tools\21.1.2\lib 
java_command: C:\Users\erra\AppData\Local\Android\sdk\build-tools\21.1.2\lib\dx.jar --dex --no-optimize --output C:\Users\erra\AndroidStudioProjects\AirDesk2.0\Termite-WifiP2P-SimpleChat\TermiteCMov\Termite-WifiP2P-SimpleChat\build\intermediates\dex\debug --input-list C:\Users\erra\AndroidStudioProjects\AirDesk2.0\Termite-WifiP2P-SimpleChat\TermiteCMov\Termite-WifiP2P-SimpleChat\build\intermediates\tmp\dex\debug\inputList.txt
java_class_path (initial): C:\Users\erra\AppData\Local\Android\sdk\build-tools\21.1.2\lib\dx.jar
Launcher Type: SUN_STANDARD

Environment Variables:
JAVA_HOME=C:\Program Files\Java\jdk1.7.0_40
PATH=C:\ProgramData\Oracle\Java\javapath;C:\Program Files (x86)\Intel\iCLS Client\;C:\Program Files\Intel\iCLS Client\;C:\WINDOWS\system32;C:\WINDOWS;C:\WINDOWS\System32\Wbem;C:\WINDOWS\System32\WindowsPowerShell\v1.0\;C:\Program Files\Intel\Intel(R) Management Engine Components\DAL;C:\Program Files\Intel\Intel(R) Management Engine Components\IPT;C:\Program Files (x86)\Intel\Intel(R) Management Engine Components\DAL;C:\Program Files (x86)\Intel\Intel(R) Management Engine Components\IPT;C:\Program Files (x86)\Intel\OpenCL SDK\2.0\bin\x86;C:\Program Files (x86)\Intel\OpenCL SDK\2.0\bin\x64;C:\Program Files\TortoiseSVN\bin;C:\Program Files (x86)\GTK2-Runtime\bin;C:\Program Files\MATLAB\R2014a\runtime\win64;C:\Program Files\MATLAB\R2014a\bin;C:\Program Files\Common Files\Autodesk Shared\;C:\Program Files (x86)\Google\Google Apps Sync\;C:\gradle-2.2.1\bin;C:\Program Files (x86)\Git\cmd
USERNAME=erra
OS=Windows_NT
PROCESSOR_IDENTIFIER=Intel64 Family 6 Model 58 Stepping 9, GenuineIntel



---------------  S Y S T E M  ---------------

OS: Windows 8.1 , 64 bit Build 9600 

CPU:total 4 (2 cores per cpu, 2 threads per core) family 6 model 58 stepping 9, cmov, cx8, fxsr, mmx, sse, sse2, sse3, ssse3, sse4.1, sse4.2, popcnt, avx, aes, clmul, erms, ht, tsc, tscinvbit, tscinv

Memory: 4k page, physical 8264984k(885944k free), swap 11410712k(6456k free)

vm_info: Java HotSpot(TM) 64-Bit Server VM (25.31-b07) for windows-amd64 JRE (1.8.0_31-b13), built on Dec 17 2014 21:00:28 by "java_re" with MS VC++ 10.0 (VS2010)

time: Thu May 14 20:14:16 2015
elapsed time: 1 seconds (0d 0h 0m 1s)

